0 info it worked if it ends with ok
1 verbose cli [ '/usr/local/bin/node',
1 verbose cli   '/usr/local/bin/npm',
1 verbose cli   'run',
1 verbose cli   'cover:open' ]
2 info using npm@3.10.10
3 info using node@v6.10.2
4 verbose run-script [ 'precover:open', 'cover:open', 'postcover:open' ]
5 info lifecycle canvas-demo@1.0.0~precover:open: canvas-demo@1.0.0
6 silly lifecycle canvas-demo@1.0.0~precover:open: no script for precover:open, continuing
7 info lifecycle canvas-demo@1.0.0~cover:open: canvas-demo@1.0.0
8 verbose lifecycle canvas-demo@1.0.0~cover:open: unsafe-perm in lifecycle true
9 verbose lifecycle canvas-demo@1.0.0~cover:open: PATH: /usr/local/lib/node_modules/npm/bin/node-gyp-bin:/Users/shitakusei/Desktop/canvas-demo/node_modules/.bin:/Users/shitakusei/anaconda3/bin:/Library/Frameworks/Python.framework/Versions/3.6/bin:/Library/Frameworks/Python.framework/Versions/3.5/bin:/Library/Frameworks/Python.framework/Versions/3.5/bin:/Library/Frameworks/Python.framework/Versions/3.5/bin:/usr/local/bin:/usr/bin:/bin:/usr/sbin:/sbin:/usr/local/go/bin:/usr/local/aria2/bin:/Library/Frameworks/Mono.framework/Versions/Current/Commands:/Users/shitakusei/anaconda3/bin:/Library/Frameworks/Python.framework/Versions/3.6/bin:/Library/Frameworks/Python.framework/Versions/3.5/bin
10 verbose lifecycle canvas-demo@1.0.0~cover:open: CWD: /Users/shitakusei/Desktop/canvas-demo
11 silly lifecycle canvas-demo@1.0.0~cover:open: Args: [ '-c', 'opn http://localhost:$npm_package_config_port' ]
12 info lifecycle canvas-demo@1.0.0~cover:open: Failed to exec cover:open script
13 verbose stack Error: canvas-demo@1.0.0 cover:open: `opn http://localhost:$npm_package_config_port`
13 verbose stack spawn ENOENT
13 verbose stack     at ChildProcess.<anonymous> (/usr/local/lib/node_modules/npm/lib/utils/spawn.js:33:16)
13 verbose stack     at emitTwo (events.js:106:13)
13 verbose stack     at ChildProcess.emit (events.js:191:7)
13 verbose stack     at maybeClose (internal/child_process.js:886:16)
13 verbose stack     at Process.ChildProcess._handle.onexit (internal/child_process.js:226:5)
14 verbose pkgid canvas-demo@1.0.0
15 verbose cwd /Users/shitakusei/Desktop/canvas-demo
16 error Darwin 17.3.0
17 error argv "/usr/local/bin/node" "/usr/local/bin/npm" "run" "cover:open"
18 error node v6.10.2
19 error npm  v3.10.10
20 error file sh
21 error code ELIFECYCLE
22 error errno ENOENT
23 error syscall spawn
24 error canvas-demo@1.0.0 cover:open: `opn http://localhost:$npm_package_config_port`
24 error spawn ENOENT
25 error Failed at the canvas-demo@1.0.0 cover:open script 'opn http://localhost:$npm_package_config_port'.
25 error Make sure you have the latest version of node.js and npm installed.
25 error If you do, this is most likely a problem with the canvas-demo package,
25 error not with npm itself.
25 error Tell the author that this fails on your system:
25 error     opn http://localhost:$npm_package_config_port
25 error You can get information on how to open an issue for this project with:
25 error     npm bugs canvas-demo
25 error Or if that isn't available, you can get their info via:
25 error     npm owner ls canvas-demo
25 error There is likely additional logging output above.
26 verbose exit [ 1, true ]
